2024/04/16 00:00:33.824  [I] [server.go:280]  http server Running on http://:8083
2024/04/16 14:25:17.878  [I] [server.go:280]  http server Running on http://:8083
2024/04/16 14:34:52.035  [I] [server.go:280]  http server Running on http://:8083
2024/04/16 14:38:04.329  [I] [server.go:280]  http server Running on http://:8083
2024/04/16 14:38:19.248  [I] [users.go:123]  Received  {Jezebel jezebellious gendia@gmail.com m 1994-12-26}
2024/04/16 14:38:19.271  [D] [users.go:128]  [36 50 97 36 48 56 36 50 56 111 65 49 56 75 114 119 82 105 54 88 98 68 86 111 90 82 69 84 46 65 90 71 118 82 87 78 88 97 52 84 98 53 77 104 52 105 66 69 98 108 113 107 115 80 105 70 117 119 76 97]
2024/04/16 14:38:19.271  [D] [users.go:132]  Sending $2a$08$28oA18KrwRi6XbDVoZRET.AZGvRWNXa4Tb5Mh4iBEblqksPiFuwLa
2024/04/16 14:38:19.330  [D] [users.go:176]  Returned user is &{21 1 Jezebel  $2a$08$28oA18KrwRi6XbDVoZRET.AZGvRWNXa4Tb5Mh4iBEblqksPiFuwLa gendia@gmail.com  MALE 1994-12-26 00:00:00 +0000 GMT     1 false 2024-04-16 14:38:19 +0000 GMT 2024-04-16 14:38:19 +0000 GMT 1 1}
2024/04/16 14:38:19.379  [D] [router.go:1305]  |            ::1|[97;42m 200 [0m| 138.022292ms|   match|[97;46m POST    [0m /v1/users/sign-up   r:/v1/users/sign-up
2024/04/16 14:38:34.813  [I] [users.go:123]  Received  {Jezebel jezebellious gendia@gmail.com male 1994-12-26}
2024/04/16 14:38:34.843  [D] [users.go:128]  [36 50 97 36 48 56 36 46 106 70 112 119 112 100 55 99 84 107 98 116 86 46 79 87 100 97 117 56 79 98 114 116 80 76 52 79 67 107 79 110 80 97 65 54 113 100 111 100 55 106 51 97 87 118 50 115 106 81 113 83]
2024/04/16 14:38:34.843  [D] [users.go:132]  Sending $2a$08$.jFpwpd7cTkbtV.OWdau8ObrtPL4OCkOnPaA6qdod7j3aWv2sjQqS
2024/04/16 14:38:34.867  [D] [users.go:176]  Returned user is &{22 1 Jezebel  $2a$08$.jFpwpd7cTkbtV.OWdau8ObrtPL4OCkOnPaA6qdod7j3aWv2sjQqS gendia@gmail.com  MALE 1994-12-26 00:00:00 +0000 GMT     1 false 2024-04-16 14:38:35 +0000 GMT 2024-04-16 14:38:35 +0000 GMT 1 1}
2024/04/16 14:38:34.871  [D] [router.go:1305]  |            ::1|[97;42m 200 [0m|  58.782833ms|   match|[97;46m POST    [0m /v1/users/sign-up   r:/v1/users/sign-up
2024/04/16 14:42:47.953  [I] [server.go:280]  http server Running on http://:8083
2024/04/16 19:43:24.124  [I] [server.go:280]  http server Running on http://:8083
2024/04/16 20:10:34.450  [I] [users.go:123]  Received  {Jezebel jezebellious gendia@gmail.com male 1994-12-26}
2024/04/16 20:10:34.468  [D] [users.go:128]  [36 50 97 36 48 56 36 84 56 67 88 84 112 47 73 83 106 120 119 120 113 79 74 109 101 84 86 84 46 80 77 117 109 102 88 84 86 84 82 50 87 100 98 55 80 69 121 97 78 49 110 104 120 49 56 86 88 105 108 101]
2024/04/16 20:10:34.468  [D] [users.go:132]  Sending $2a$08$T8CXTp/ISjxwxqOJmeTVT.PMumfXTVTR2Wdb7PEyaN1nhx18VXile
2024/04/16 20:10:34.605  [D] [users.go:176]  Returned user is &{23 1 Jezebel  $2a$08$T8CXTp/ISjxwxqOJmeTVT.PMumfXTVTR2Wdb7PEyaN1nhx18VXile gendia@gmail.com  MALE 1994-12-26 00:00:00 +0000 GMT     1 false 2024-04-16 20:10:34 +0000 GMT 2024-04-16 20:10:34 +0000 GMT 1 1}
2024/04/16 20:10:34.614  [D] [router.go:1305]  |            ::1|[97;42m 200 [0m| 169.357666ms|   match|[97;46m POST    [0m /v1/users/sign-up   r:/v1/users/sign-up
2024/04/16 21:45:35.012  [I] [server.go:280]  http server Running on http://:8083
2024/04/16 22:04:08.705  [I] [server.go:280]  http server Running on http://:8083
2024/04/16 22:04:23.849  [I] [users.go:123]  Received  {Jezebel jezebellious gendia@gmail.com male 1994-12-26}
2024/04/16 22:04:23.873  [D] [users.go:128]  [36 50 97 36 48 56 36 99 88 97 73 79 84 48 103 118 121 115 53 86 88 84 76 86 111 119 87 112 117 74 102 68 100 117 55 66 89 57 81 65 121 100 85 66 87 79 99 111 86 119 65 70 76 77 110 99 78 87 73 97]
2024/04/16 22:04:23.873  [D] [users.go:132]  Sending $2a$08$cXaIOT0gvys5VXTLVowWpuJfDdu7BY9QAydUBWOcoVwAFLMncNWIa
2024/04/16 22:04:23.915  [D] [users.go:163]  User is  {1 1 Jezebel  $2a$08$cXaIOT0gvys5VXTLVowWpuJfDdu7BY9QAydUBWOcoVwAFLMncNWIa gendia@gmail.com  MALE 1994-12-26 00:00:00 +0000 UTC     1 false 2024-04-16 22:04:23.87335 +0000 GMT m=+15.245022210 2024-04-16 22:04:23.87335 +0000 GMT m=+15.245022251 1 1}
2024/04/16 22:04:23.918  [D] [users.go:178]  Returned user is &{1 1 Jezebel  $2a$08$cXaIOT0gvys5VXTLVowWpuJfDdu7BY9QAydUBWOcoVwAFLMncNWIa gendia@gmail.com  MALE 1994-12-26 00:00:00 +0000 GMT     1 false 2024-04-16 22:04:24 +0000 GMT 2024-04-16 22:04:24 +0000 GMT 1 1}
2024/04/16 22:04:23.960  [D] [router.go:1305]  |            ::1|[97;42m 200 [0m| 114.523083ms|   match|[97;46m POST    [0m /v1/users/sign-up   r:/v1/users/sign-up
2024/04/16 22:36:17.176  [I] [server.go:280]  http server Running on http://:8083
2024/04/16 22:39:55.994  [I] [server.go:280]  http server Running on http://:8083
2024/04/16 22:40:09.708  [I] [users.go:123]  Received  {Jezebel jezebellious gendia@gmail.com male 1994-12-26}
2024/04/16 22:40:09.741  [D] [users.go:128]  [36 50 97 36 48 56 36 121 53 101 112 102 105 102 46 116 47 47 53 86 110 121 100 48 68 118 116 48 79 102 46 82 77 52 106 86 82 102 121 117 101 98 68 102 114 120 50 104 78 118 66 75 108 88 57 80 67 71 80 117]
2024/04/16 22:40:09.741  [D] [users.go:132]  Sending $2a$08$y5epfif.t//5Vnyd0Dvt0Of.RM4jVRfyuebDfrx2hNvBKlX9PCGPu
2024/04/16 22:40:09.769  [D] [router.go:1305]  |            ::1|[97;42m 200 [0m|  62.970166ms|   match|[97;46m POST    [0m /v1/users/sign-up   r:/v1/users/sign-up
2024/04/16 22:42:48.537  [I] [server.go:280]  http server Running on http://:8083
2024/04/16 22:49:04.390  [I] [server.go:280]  http server Running on http://:8083
2024/04/16 22:55:36.862  [I] [users.go:123]  Received  {Jezebel jezebellious gendia2@gmail.com male 1994-12-26}
2024/04/16 22:55:36.882  [D] [users.go:128]  [36 50 97 36 48 56 36 55 74 85 81 118 55 101 54 77 84 76 54 100 111 103 110 71 111 71 80 80 101 104 114 69 89 89 107 55 78 100 116 119 99 105 117 101 121 118 97 98 112 100 102 107 117 66 113 108 56 119 46 75]
2024/04/16 22:55:36.882  [D] [users.go:132]  Sending $2a$08$7JUQv7e6MTL6dognGoGPPehrEYYk7NdtwciueyvabpdfkuBql8w.K
2024/04/16 22:55:36.953  [D] [users.go:166]  User is  {2 1 Jezebel  $2a$08$7JUQv7e6MTL6dognGoGPPehrEYYk7NdtwciueyvabpdfkuBql8w.K gendia2@gmail.com  MALE 1994-12-26 00:00:00 +0000 UTC     1 false 2024-04-16 22:55:36.935965 +0000 GMT m=+392.609391293 2024-04-16 22:55:36.935965 +0000 GMT m=+392.609391376 1 1}
2024/04/16 22:55:36.953  [D] [users.go:172]  Returned user is {Jezebel $2a$08$7JUQv7e6MTL6dognGoGPPehrEYYk7NdtwciueyvabpdfkuBql8w.K gendia2@gmail.com male 1994-12-26}
2024/04/16 22:55:36.969  [D] [router.go:1305]  |            ::1|[97;42m 200 [0m| 114.702583ms|   match|[97;46m POST    [0m /v1/users/sign-up   r:/v1/users/sign-up
2024/04/16 23:30:30.734  [I] [server.go:280]  http server Running on http://:8083
